[debug] [2025-03-21T10:13:29.447Z] ----------------------------------------------------------------------
[debug] [2025-03-21T10:13:29.451Z] Command:       C:\Program Files\nodejs\node.exe C:\Users\HP\AppData\Roaming\npm\node_modules\firebase-tools\lib\bin\firebase.js init
[debug] [2025-03-21T10:13:29.452Z] CLI Version:   13.33.0
[debug] [2025-03-21T10:13:29.453Z] Platform:      win32
[debug] [2025-03-21T10:13:29.453Z] Node Version:  v18.13.0
[debug] [2025-03-21T10:13:29.474Z] Time:          Fri Mar 21 2025 15:43:29 GMT+0530 (India Standard Time)
[debug] [2025-03-21T10:13:29.474Z] ----------------------------------------------------------------------
[debug] 
[debug] [2025-03-21T10:13:29.482Z] >>> [apiv2][query] GET https://firebase-public.firebaseio.com/cli.json [none]
[debug] [2025-03-21T10:13:29.583Z] > command requires scopes: ["email","openid","https://www.googleapis.com/auth/cloudplatformprojects.readonly","https://www.googleapis.com/auth/firebase","https://www.googleapis.com/auth/cloud-platform"]
[debug] [2025-03-21T10:13:29.584Z] > authorizing via signed-in user (support@drsmart.in)
[info] 
     ######## #### ########  ######## ########     ###     ######  ########
     ##        ##  ##     ## ##       ##     ##  ##   ##  ##       ##
     ######    ##  ########  ######   ########  #########  ######  ######
     ##        ##  ##    ##  ##       ##     ## ##     ##       ## ##
     ##       #### ##     ## ######## ########  ##     ##  ######  ########

You're about to initialize a Firebase project in this directory:

  D:\dr. smart clients\ICON-IVF-main-v2

[debug] [2025-03-21T10:13:30.242Z] <<< [apiv2][status] GET https://firebase-public.firebaseio.com/cli.json 200
[debug] [2025-03-21T10:13:30.245Z] <<< [apiv2][body] GET https://firebase-public.firebaseio.com/cli.json {"cloudBuildErrorAfter":1594252800000,"cloudBuildWarnAfter":1590019200000,"defaultNode10After":1594252800000,"minVersion":"3.0.5","node8DeploysDisabledAfter":1613390400000,"node8RuntimeDisabledAfter":1615809600000,"node8WarnAfter":1600128000000}
[info] 
=== Project Setup
[info] 
[info] First, let's associate this project directory with a Firebase project.
[info] You can create multiple project aliases by running firebase use --add, 
[info] but for now we'll just set up a default project.
[info] 
